<?xml version="1.0" encoding="UTF-8"?>
<!-- Generated by org.testng.reporters.JUnitXMLReporter -->
<testsuite ignored="0" hostname="LAPTOP-DQA8PRLO" failures="0" tests="4" name="Test" time="0.048" errors="0" timestamp="2021-01-28T18:05:25 EST">
  <testcase classname="qaclickacademy.Section22Mavenjava.RestApiTest" name="deletTwitter" time="0.006"/>
  <testcase classname="qaclickacademy.Section22Mavenjava.RestApiTest" name="postjira" time="0.001"/>
  <testcase classname="qaclickacademy.Section22Mavenjava.SeleniumTest" name="BrowserAutomation" time="0.001"/>
  <testcase classname="qaclickacademy.Section22Mavenjava.SeleniumTest" name="elementsUi" time="0.001"/>
</testsuite> <!-- Test -->
