<?xml version="1.0" encoding="UTF-8"?>
<!-- Generated by org.testng.reporters.JUnitXMLReporter -->
<testsuite hostname="LAPTOP-DQA8PRLO" ignored="0" name="Test" tests="6" failures="0" timestamp="2020-12-28T22:09:00 EST" time="0.039" errors="0">
  <testcase name="IOSApps" time="0.006" classname="qaclickacademy.Section22Mavenjava.AppiumTest"/>
  <testcase name="NativeApAndroid" time="0.001" classname="qaclickacademy.Section22Mavenjava.AppiumTest"/>
  <testcase name="deletTwitter" time="0.0" classname="qaclickacademy.Section22Mavenjava.RestApiTest"/>
  <testcase name="postjira" time="0.001" classname="qaclickacademy.Section22Mavenjava.RestApiTest"/>
  <testcase name="BrowserAutomation" time="0.001" classname="qaclickacademy.Section22Mavenjava.SeleniumTest"/>
  <testcase name="elementsUi" time="0.001" classname="qaclickacademy.Section22Mavenjava.SeleniumTest"/>
</testsuite> <!-- Test -->
