<?xml version="1.0" encoding="UTF-8"?>
<!-- Generated by org.testng.reporters.JUnitXMLReporter -->
<testsuite hostname="LAPTOP-DQA8PRLO" ignored="0" name="Command line test" tests="6" failures="0" timestamp="17 Jan 2021 18:32:26 GMT" time="0.026" errors="0">
  <testcase name="IOSApps" time="0.004" classname="qaclickacademy.Section22Mavenjava.AppiumTest"/>
  <testcase name="NativeApAndroid" time="0.0" classname="qaclickacademy.Section22Mavenjava.AppiumTest"/>
  <testcase name="deletTwitter" time="0.001" classname="qaclickacademy.Section22Mavenjava.RestApiTest"/>
  <testcase name="postjira" time="0.001" classname="qaclickacademy.Section22Mavenjava.RestApiTest"/>
  <testcase name="BrowserAutomation" time="0.001" classname="qaclickacademy.Section22Mavenjava.SeleniumTest"/>
  <testcase name="elementsUi" time="0.0" classname="qaclickacademy.Section22Mavenjava.SeleniumTest"/>
</testsuite> <!-- Command line test -->
