<?xml version="1.0" encoding="UTF-8"?>
<!-- Generated by org.testng.reporters.JUnitXMLReporter -->
<testsuite hostname="LAPTOP-DQA8PRLO" ignored="0" name="Test" tests="4" failures="0" timestamp="29 Dec 2020 18:00:30 GMT" time="0.038" errors="0">
  <testcase name="deletTwitter" time="0.008" classname="qaclickacademy.Section22Mavenjava.RestApiTest"/>
  <testcase name="postjira" time="0.001" classname="qaclickacademy.Section22Mavenjava.RestApiTest"/>
  <testcase name="BrowserAutomation" time="0.0" classname="qaclickacademy.Section22Mavenjava.SeleniumTest"/>
  <testcase name="elementsUi" time="0.001" classname="qaclickacademy.Section22Mavenjava.SeleniumTest"/>
</testsuite> <!-- Test -->
