<?xml version="1.0" encoding="UTF-8"?>
<testng-results skipped="0" failed="0" ignored="0" total="6" passed="6">
  <reporter-output>
  </reporter-output>
  <suite name="Suite" duration-ms="39" started-at="2020-12-28T22:09:00 EST" finished-at="2020-12-28T22:09:00 EST">
    <groups>
    </groups>
    <test name="Test" duration-ms="39" started-at="2020-12-28T22:09:00 EST" finished-at="2020-12-28T22:09:00 EST">
      <class name="qaclickacademy.Section22Mavenjava.AppiumTest">
        <test-method status="PASS" signature="IOSApps()[pri:0, instance:qaclickacademy.Section22Mavenjava.AppiumTest@ea1a8d5]" name="IOSApps" duration-ms="6" started-at="2020-12-28T22:09:00 EST" finished-at="2020-12-28T22:09:00 EST">
          <reporter-output>
          </reporter-output>
        </test-method> <!-- IOSApps -->
        <test-method status="PASS" signature="NativeApAndroid()[pri:0, instance:qaclickacademy.Section22Mavenjava.AppiumTest@ea1a8d5]" name="NativeApAndroid" duration-ms="1" started-at="2020-12-28T22:09:00 EST" finished-at="2020-12-28T22:09:00 EST">
          <reporter-output>
          </reporter-output>
        </test-method> <!-- NativeApAndroid -->
      </class> <!-- qaclickacademy.Section22Mavenjava.AppiumTest -->
      <class name="qaclickacademy.Section22Mavenjava.SeleniumTest">
        <test-method status="PASS" signature="BrowserAutomation()[pri:0, instance:qaclickacademy.Section22Mavenjava.SeleniumTest@2bbf4b8b]" name="BrowserAutomation" duration-ms="1" started-at="2020-12-28T22:09:00 EST" finished-at="2020-12-28T22:09:00 EST">
          <reporter-output>
          </reporter-output>
        </test-method> <!-- BrowserAutomation -->
        <test-method status="PASS" signature="elementsUi()[pri:0, instance:qaclickacademy.Section22Mavenjava.SeleniumTest@2bbf4b8b]" name="elementsUi" duration-ms="1" started-at="2020-12-28T22:09:00 EST" finished-at="2020-12-28T22:09:00 EST">
          <reporter-output>
          </reporter-output>
        </test-method> <!-- elementsUi -->
      </class> <!-- qaclickacademy.Section22Mavenjava.SeleniumTest -->
      <class name="qaclickacademy.Section22Mavenjava.RestApiTest">
        <test-method status="PASS" signature="deletTwitter()[pri:0, instance:qaclickacademy.Section22Mavenjava.RestApiTest@1563da5]" name="deletTwitter" duration-ms="0" started-at="2020-12-28T22:09:00 EST" finished-at="2020-12-28T22:09:00 EST">
          <reporter-output>
          </reporter-output>
        </test-method> <!-- deletTwitter -->
        <test-method status="PASS" signature="postjira()[pri:0, instance:qaclickacademy.Section22Mavenjava.RestApiTest@1563da5]" name="postjira" duration-ms="1" started-at="2020-12-28T22:09:00 EST" finished-at="2020-12-28T22:09:00 EST">
          <reporter-output>
          </reporter-output>
        </test-method> <!-- postjira -->
      </class> <!-- qaclickacademy.Section22Mavenjava.RestApiTest -->
    </test> <!-- Test -->
  </suite> <!-- Suite -->
</testng-results>
