<?xml version="1.0" encoding="UTF-8"?>
<testng-results ignored="0" total="4" passed="4" failed="0" skipped="0">
  <reporter-output>
  </reporter-output>
  <suite started-at="2021-01-28T18:05:25 EST" name="Suite" finished-at="2021-01-28T18:05:25 EST" duration-ms="48">
    <groups>
    </groups>
    <test started-at="2021-01-28T18:05:25 EST" name="Test" finished-at="2021-01-28T18:05:25 EST" duration-ms="48">
      <class name="qaclickacademy.Section22Mavenjava.SeleniumTest">
        <test-method signature="BrowserAutomation()[pri:0, instance:qaclickacademy.Section22Mavenjava.SeleniumTest@e7edb54]" started-at="2021-01-28T18:05:25 EST" name="BrowserAutomation" finished-at="2021-01-28T18:05:25 EST" duration-ms="1" status="PASS">
          <reporter-output>
          </reporter-output>
        </test-method> <!-- BrowserAutomation -->
        <test-method signature="elementsUi()[pri:0, instance:qaclickacademy.Section22Mavenjava.SeleniumTest@e7edb54]" started-at="2021-01-28T18:05:25 EST" name="elementsUi" finished-at="2021-01-28T18:05:25 EST" duration-ms="1" status="PASS">
          <reporter-output>
          </reporter-output>
        </test-method> <!-- elementsUi -->
      </class> <!-- qaclickacademy.Section22Mavenjava.SeleniumTest -->
      <class name="qaclickacademy.Section22Mavenjava.RestApiTest">
        <test-method signature="deletTwitter()[pri:0, instance:qaclickacademy.Section22Mavenjava.RestApiTest@74455848]" started-at="2021-01-28T18:05:25 EST" name="deletTwitter" finished-at="2021-01-28T18:05:25 EST" duration-ms="6" status="PASS">
          <reporter-output>
          </reporter-output>
        </test-method> <!-- deletTwitter -->
        <test-method signature="postjira()[pri:0, instance:qaclickacademy.Section22Mavenjava.RestApiTest@74455848]" started-at="2021-01-28T18:05:25 EST" name="postjira" finished-at="2021-01-28T18:05:25 EST" duration-ms="1" status="PASS">
          <reporter-output>
          </reporter-output>
        </test-method> <!-- postjira -->
      </class> <!-- qaclickacademy.Section22Mavenjava.RestApiTest -->
    </test> <!-- Test -->
  </suite> <!-- Suite -->
</testng-results>
